<?xml version="1.0" encoding="UTF-8"?>
<testsuite xmlns:xsi="http://www.w3.org/2001/XMLSchema-instance" xsi:noNamespaceSchemaLocation="https://maven.apache.org/surefire/maven-surefire-plugin/xsd/surefire-test-report.xsd" name="TestSuite" time="344.36" tests="7" errors="0" skipped="0" failures="5">
  <properties>
[...]
</properties>
  <testcase name="runScenario" classname="testrunner.TestRunner" time="36.868">
    <failure message="Expected condition failed: waiting for element to be clickable: By.linkText: CREATE NEW ACCOUNT (tried for 20 second(s) with 500 milliseconds interval)&#10;Build info: version: &apos;4.38.0&apos;, revision: &apos;6b412e825c*&apos;&#10;System info: os.name: &apos;Windows 10&apos;, os.arch: &apos;amd64&apos;, os.version: &apos;10.0&apos;, java.version: &apos;25&apos;&#10;Driver info: org.openqa.selenium.edge.EdgeDriver&#10;Capabilities {acceptInsecureCerts: false, browserName: MicrosoftEdge, browserVersion: 142.0.3595.94, fedcm:accounts: true, goog:processID: 8640, ms:edgeOptions: {debuggerAddress: localhost:52647}, msedge: {msedgedriverVersion: 142.0.3595.94 (6565d6e52817..., userDataDir: C:\Windows\SystemTemp\scope...}, networkConnectionEnabled: false, pageLoadStrategy: normal, platformName: windows, proxy: Proxy(), se:cdp: ws://localhost:52647/devtoo..., se:cdpVersion: 142.0.3595.94, setWindowRect: true, strictFileInteractability: false, timeouts: {implicit: 0, pageLoad: 300000, script: 30000}, unhandledPromptBehavior: dismiss and notify, webauthn:extension:credBlob: true, webauthn:extension:largeBlob: true, webauthn:extension:minPinLength: true, webauthn:extension:prf: true, webauthn:virtualAuthenticators: true}&#10;Session ID: 952b607585b4c47fb81dbc231048bab1" type="org.openqa.selenium.TimeoutException">org.openqa.selenium.TimeoutException: 
Expected condition failed: waiting for element to be clickable: By.linkText: CREATE NEW ACCOUNT (tried for 20 second(s) with 500 milliseconds interval)
Build info: version: '4.38.0', revision: '6b412e825c*'
System info: os.name: 'Windows 10', os.arch: 'amd64', os.version: '10.0', java.version: '25'
Driver info: org.openqa.selenium.edge.EdgeDriver
Capabilities {acceptInsecureCerts: false, browserName: MicrosoftEdge, browserVersion: 142.0.3595.94, fedcm:accounts: true, goog:processID: 8640, ms:edgeOptions: {debuggerAddress: localhost:52647}, msedge: {msedgedriverVersion: 142.0.3595.94 (6565d6e52817..., userDataDir: C:\Windows\SystemTemp\scope...}, networkConnectionEnabled: false, pageLoadStrategy: normal, platformName: windows, proxy: Proxy(), se:cdp: ws://localhost:52647/devtoo..., se:cdpVersion: 142.0.3595.94, setWindowRect: true, strictFileInteractability: false, timeouts: {implicit: 0, pageLoad: 300000, script: 30000}, unhandledPromptBehavior: dismiss and notify, webauthn:extension:credBlob: true, webauthn:extension:largeBlob: true, webauthn:extension:minPinLength: true, webauthn:extension:prf: true, webauthn:virtualAuthenticators: true}
Session ID: 952b607585b4c47fb81dbc231048bab1
</failure>
    <system-out><![CDATA[...
... TestNG 7.0.1 by CÃ©dric Beust (cedric@beust.com)
...

Test Suite Starting
 Extent Report Initialized
 Report: C:\Selenium Demo\Capstone_Project/TestReports/Report.html

Scenario: Valid user registration                                  # src/test/resources/Features/Registration.feature:3
 Starting Scenario: Valid user registration
  Test execution started
  Opening registration page
  Given User is on the Advantage Online Shopping registration page # stepdefinition.RegistrationSteps.user_is_on_the_advantage_online_shopping_registration_page()
      org.openqa.selenium.TimeoutException: Expected condition failed: waiting for element to be clickable: By.linkText: CREATE NEW ACCOUNT (tried for 20 second(s) with 500 milliseconds interval)
Build info: version: '4.38.0', revision: '6b412e825c*'
System info: os.name: 'Windows 10', os.arch: 'amd64', os.version: '10.0', java.version: '25'
Driver info: org.openqa.selenium.edge.EdgeDriver
Capabilities {acceptInsecureCerts: false, browserName: MicrosoftEdge, browserVersion: 142.0.3595.94, fedcm:accounts: true, goog:processID: 8640, ms:edgeOptions: {debuggerAddress: localhost:52647}, msedge: {msedgedriverVersion: 142.0.3595.94 (6565d6e52817..., userDataDir: C:\Windows\SystemTemp\scope...}, networkConnectionEnabled: false, pageLoadStrategy: normal, platformName: windows, proxy: Proxy(), se:cdp: ws://localhost:52647/devtoo..., se:cdpVersion: 142.0.3595.94, setWindowRect: true, strictFileInteractability: false, timeouts: {implicit: 0, pageLoad: 300000, script: 30000}, unhandledPromptBehavior: dismiss and notify, webauthn:extension:credBlob: true, webauthn:extension:largeBlob: true, webauthn:extension:minPinLength: true, webauthn:extension:prf: true, webauthn:virtualAuthenticators: true}
Session ID: 952b607585b4c47fb81dbc231048bab1
	at org.openqa.selenium.support.ui.WebDriverWait.timeoutException(WebDriverWait.java:84)
	at org.openqa.selenium.support.ui.FluentWait.until(FluentWait.java:228)
	at pageObjects.RegistrationPage.navigateToRegistrationPage(RegistrationPage.java:33)
	at stepdefinition.RegistrationSteps.user_is_on_the_advantage_online_shopping_registration_page(RegistrationSteps.java:23)
	at ✽.User is on the Advantage Online Shopping registration page(file:///C:/Selenium%20Demo/Capstone_Project/src/test/resources/Features/Registration.feature:4)

  When User enters valid registration details                      # stepdefinition.RegistrationSteps.user_enters_valid_registration_details()
  And User submits the registration form                           # stepdefinition.RegistrationSteps.user_submits_the_registration_form()
  Then User should be redirected to the login page                 # stepdefinition.RegistrationSteps.user_should_be_redirected_to_the_login_page()
  And A success message should be displayed                        # stepdefinition.RegistrationSteps.a_success_message_should_be_displayed()
SCENARIO FAILED: Valid user registration
 Screenshot captured: Valid_user_registration_20251128_090116.png
]]></system-out>
    <system-err><![CDATA[SLF4J: Failed to load class "org.slf4j.impl.StaticLoggerBinder".
SLF4J: Defaulting to no-operation (NOP) logger implementation
SLF4J: See http://www.slf4j.org/codes.html#StaticLoggerBinder for further details.
 Scenario Failed: Valid user registration
]]></system-err>
  </testcase>
  <testcase name="runScenario" classname="testrunner.TestRunner" time="32.996">
    <failure message="Expected condition failed: waiting for element to be clickable: By.linkText: CREATE NEW ACCOUNT (tried for 20 second(s) with 500 milliseconds interval)&#10;Build info: version: &apos;4.38.0&apos;, revision: &apos;6b412e825c*&apos;&#10;System info: os.name: &apos;Windows 10&apos;, os.arch: &apos;amd64&apos;, os.version: &apos;10.0&apos;, java.version: &apos;25&apos;&#10;Driver info: org.openqa.selenium.edge.EdgeDriver&#10;Capabilities {acceptInsecureCerts: false, browserName: MicrosoftEdge, browserVersion: 142.0.3595.94, fedcm:accounts: true, goog:processID: 8640, ms:edgeOptions: {debuggerAddress: localhost:52647}, msedge: {msedgedriverVersion: 142.0.3595.94 (6565d6e52817..., userDataDir: C:\Windows\SystemTemp\scope...}, networkConnectionEnabled: false, pageLoadStrategy: normal, platformName: windows, proxy: Proxy(), se:cdp: ws://localhost:52647/devtoo..., se:cdpVersion: 142.0.3595.94, setWindowRect: true, strictFileInteractability: false, timeouts: {implicit: 0, pageLoad: 300000, script: 30000}, unhandledPromptBehavior: dismiss and notify, webauthn:extension:credBlob: true, webauthn:extension:largeBlob: true, webauthn:extension:minPinLength: true, webauthn:extension:prf: true, webauthn:virtualAuthenticators: true}&#10;Session ID: 952b607585b4c47fb81dbc231048bab1" type="org.openqa.selenium.TimeoutException">org.openqa.selenium.TimeoutException: 
Expected condition failed: waiting for element to be clickable: By.linkText: CREATE NEW ACCOUNT (tried for 20 second(s) with 500 milliseconds interval)
Build info: version: '4.38.0', revision: '6b412e825c*'
System info: os.name: 'Windows 10', os.arch: 'amd64', os.version: '10.0', java.version: '25'
Driver info: org.openqa.selenium.edge.EdgeDriver
Capabilities {acceptInsecureCerts: false, browserName: MicrosoftEdge, browserVersion: 142.0.3595.94, fedcm:accounts: true, goog:processID: 8640, ms:edgeOptions: {debuggerAddress: localhost:52647}, msedge: {msedgedriverVersion: 142.0.3595.94 (6565d6e52817..., userDataDir: C:\Windows\SystemTemp\scope...}, networkConnectionEnabled: false, pageLoadStrategy: normal, platformName: windows, proxy: Proxy(), se:cdp: ws://localhost:52647/devtoo..., se:cdpVersion: 142.0.3595.94, setWindowRect: true, strictFileInteractability: false, timeouts: {implicit: 0, pageLoad: 300000, script: 30000}, unhandledPromptBehavior: dismiss and notify, webauthn:extension:credBlob: true, webauthn:extension:largeBlob: true, webauthn:extension:minPinLength: true, webauthn:extension:prf: true, webauthn:virtualAuthenticators: true}
Session ID: 952b607585b4c47fb81dbc231048bab1
</failure>
    <system-out><![CDATA[
Scenario: Invalid user registration (missing email)                       # src/test/resources/Features/Registration.feature:10
 Starting Scenario: Invalid user registration (missing email)
  Test execution started
  Opening registration page
  Given User is on the Advantage Online Shopping registration page        # stepdefinition.RegistrationSteps.user_is_on_the_advantage_online_shopping_registration_page()
      org.openqa.selenium.TimeoutException: Expected condition failed: waiting for element to be clickable: By.linkText: CREATE NEW ACCOUNT (tried for 20 second(s) with 500 milliseconds interval)
Build info: version: '4.38.0', revision: '6b412e825c*'
System info: os.name: 'Windows 10', os.arch: 'amd64', os.version: '10.0', java.version: '25'
Driver info: org.openqa.selenium.edge.EdgeDriver
Capabilities {acceptInsecureCerts: false, browserName: MicrosoftEdge, browserVersion: 142.0.3595.94, fedcm:accounts: true, goog:processID: 8640, ms:edgeOptions: {debuggerAddress: localhost:52647}, msedge: {msedgedriverVersion: 142.0.3595.94 (6565d6e52817..., userDataDir: C:\Windows\SystemTemp\scope...}, networkConnectionEnabled: false, pageLoadStrategy: normal, platformName: windows, proxy: Proxy(), se:cdp: ws://localhost:52647/devtoo..., se:cdpVersion: 142.0.3595.94, setWindowRect: true, strictFileInteractability: false, timeouts: {implicit: 0, pageLoad: 300000, script: 30000}, unhandledPromptBehavior: dismiss and notify, webauthn:extension:credBlob: true, webauthn:extension:largeBlob: true, webauthn:extension:minPinLength: true, webauthn:extension:prf: true, webauthn:virtualAuthenticators: true}
Session ID: 952b607585b4c47fb81dbc231048bab1
	at org.openqa.selenium.support.ui.WebDriverWait.timeoutException(WebDriverWait.java:84)
	at org.openqa.selenium.support.ui.FluentWait.until(FluentWait.java:228)
	at pageObjects.RegistrationPage.navigateToRegistrationPage(RegistrationPage.java:33)
	at stepdefinition.RegistrationSteps.user_is_on_the_advantage_online_shopping_registration_page(RegistrationSteps.java:23)
	at ✽.User is on the Advantage Online Shopping registration page(file:///C:/Selenium%20Demo/Capstone_Project/src/test/resources/Features/Registration.feature:11)

  When User enters invalid registration details missing email             # stepdefinition.RegistrationSteps.user_enters_invalid_registration_details_missing_email()
  And User submits the registration form                                  # stepdefinition.RegistrationSteps.user_submits_the_registration_form()
  Then User should see an error message indicating that email is required # null
SCENARIO FAILED: Invalid user registration (missing email)
 Screenshot captured: Invalid_user_registration_(missing_email)_20251128_090149.png
]]></system-out>
    <system-err><![CDATA[ Scenario Failed: Invalid user registration (missing email)
]]></system-err>
  </testcase>
  <testcase name="runScenario" classname="testrunner.TestRunner" time="33.037">
    <failure message="Expected condition failed: waiting for element to be clickable: By.linkText: CREATE NEW ACCOUNT (tried for 20 second(s) with 500 milliseconds interval)&#10;Build info: version: &apos;4.38.0&apos;, revision: &apos;6b412e825c*&apos;&#10;System info: os.name: &apos;Windows 10&apos;, os.arch: &apos;amd64&apos;, os.version: &apos;10.0&apos;, java.version: &apos;25&apos;&#10;Driver info: org.openqa.selenium.edge.EdgeDriver&#10;Capabilities {acceptInsecureCerts: false, browserName: MicrosoftEdge, browserVersion: 142.0.3595.94, fedcm:accounts: true, goog:processID: 8640, ms:edgeOptions: {debuggerAddress: localhost:52647}, msedge: {msedgedriverVersion: 142.0.3595.94 (6565d6e52817..., userDataDir: C:\Windows\SystemTemp\scope...}, networkConnectionEnabled: false, pageLoadStrategy: normal, platformName: windows, proxy: Proxy(), se:cdp: ws://localhost:52647/devtoo..., se:cdpVersion: 142.0.3595.94, setWindowRect: true, strictFileInteractability: false, timeouts: {implicit: 0, pageLoad: 300000, script: 30000}, unhandledPromptBehavior: dismiss and notify, webauthn:extension:credBlob: true, webauthn:extension:largeBlob: true, webauthn:extension:minPinLength: true, webauthn:extension:prf: true, webauthn:virtualAuthenticators: true}&#10;Session ID: 952b607585b4c47fb81dbc231048bab1" type="org.openqa.selenium.TimeoutException">org.openqa.selenium.TimeoutException: 
Expected condition failed: waiting for element to be clickable: By.linkText: CREATE NEW ACCOUNT (tried for 20 second(s) with 500 milliseconds interval)
Build info: version: '4.38.0', revision: '6b412e825c*'
System info: os.name: 'Windows 10', os.arch: 'amd64', os.version: '10.0', java.version: '25'
Driver info: org.openqa.selenium.edge.EdgeDriver
Capabilities {acceptInsecureCerts: false, browserName: MicrosoftEdge, browserVersion: 142.0.3595.94, fedcm:accounts: true, goog:processID: 8640, ms:edgeOptions: {debuggerAddress: localhost:52647}, msedge: {msedgedriverVersion: 142.0.3595.94 (6565d6e52817..., userDataDir: C:\Windows\SystemTemp\scope...}, networkConnectionEnabled: false, pageLoadStrategy: normal, platformName: windows, proxy: Proxy(), se:cdp: ws://localhost:52647/devtoo..., se:cdpVersion: 142.0.3595.94, setWindowRect: true, strictFileInteractability: false, timeouts: {implicit: 0, pageLoad: 300000, script: 30000}, unhandledPromptBehavior: dismiss and notify, webauthn:extension:credBlob: true, webauthn:extension:largeBlob: true, webauthn:extension:minPinLength: true, webauthn:extension:prf: true, webauthn:virtualAuthenticators: true}
Session ID: 952b607585b4c47fb81dbc231048bab1
</failure>
    <system-out><![CDATA[
Scenario: Invalid user registration (invalid email format)               # src/test/resources/Features/Registration.feature:16
 Starting Scenario: Invalid user registration (invalid email format)
  Test execution started
  Opening registration page
  Given User is on the Advantage Online Shopping registration page       # stepdefinition.RegistrationSteps.user_is_on_the_advantage_online_shopping_registration_page()
      org.openqa.selenium.TimeoutException: Expected condition failed: waiting for element to be clickable: By.linkText: CREATE NEW ACCOUNT (tried for 20 second(s) with 500 milliseconds interval)
Build info: version: '4.38.0', revision: '6b412e825c*'
System info: os.name: 'Windows 10', os.arch: 'amd64', os.version: '10.0', java.version: '25'
Driver info: org.openqa.selenium.edge.EdgeDriver
Capabilities {acceptInsecureCerts: false, browserName: MicrosoftEdge, browserVersion: 142.0.3595.94, fedcm:accounts: true, goog:processID: 8640, ms:edgeOptions: {debuggerAddress: localhost:52647}, msedge: {msedgedriverVersion: 142.0.3595.94 (6565d6e52817..., userDataDir: C:\Windows\SystemTemp\scope...}, networkConnectionEnabled: false, pageLoadStrategy: normal, platformName: windows, proxy: Proxy(), se:cdp: ws://localhost:52647/devtoo..., se:cdpVersion: 142.0.3595.94, setWindowRect: true, strictFileInteractability: false, timeouts: {implicit: 0, pageLoad: 300000, script: 30000}, unhandledPromptBehavior: dismiss and notify, webauthn:extension:credBlob: true, webauthn:extension:largeBlob: true, webauthn:extension:minPinLength: true, webauthn:extension:prf: true, webauthn:virtualAuthenticators: true}
Session ID: 952b607585b4c47fb81dbc231048bab1
	at org.openqa.selenium.support.ui.WebDriverWait.timeoutException(WebDriverWait.java:84)
	at org.openqa.selenium.support.ui.FluentWait.until(FluentWait.java:228)
	at pageObjects.RegistrationPage.navigateToRegistrationPage(RegistrationPage.java:33)
	at stepdefinition.RegistrationSteps.user_is_on_the_advantage_online_shopping_registration_page(RegistrationSteps.java:23)
	at ✽.User is on the Advantage Online Shopping registration page(file:///C:/Selenium%20Demo/Capstone_Project/src/test/resources/Features/Registration.feature:17)

  When User enters invalid registration details invalid email            # stepdefinition.RegistrationSteps.user_enters_invalid_registration_details_invalid_email()
  And User submits the registration form                                 # stepdefinition.RegistrationSteps.user_submits_the_registration_form()
  Then User should see an error message indicating that email is invalid # null
SCENARIO FAILED: Invalid user registration (invalid email format)
 Screenshot captured: Invalid_user_registration_(invalid_email_format)_20251128_090222.png
]]></system-out>
    <system-err><![CDATA[ Scenario Failed: Invalid user registration (invalid email format)
]]></system-err>
  </testcase>
  <testcase name="runScenario" classname="testrunner.TestRunner" time="33.003">
    <failure message="Expected condition failed: waiting for element to be clickable: By.linkText: CREATE NEW ACCOUNT (tried for 20 second(s) with 500 milliseconds interval)&#10;Build info: version: &apos;4.38.0&apos;, revision: &apos;6b412e825c*&apos;&#10;System info: os.name: &apos;Windows 10&apos;, os.arch: &apos;amd64&apos;, os.version: &apos;10.0&apos;, java.version: &apos;25&apos;&#10;Driver info: org.openqa.selenium.edge.EdgeDriver&#10;Capabilities {acceptInsecureCerts: false, browserName: MicrosoftEdge, browserVersion: 142.0.3595.94, fedcm:accounts: true, goog:processID: 8640, ms:edgeOptions: {debuggerAddress: localhost:52647}, msedge: {msedgedriverVersion: 142.0.3595.94 (6565d6e52817..., userDataDir: C:\Windows\SystemTemp\scope...}, networkConnectionEnabled: false, pageLoadStrategy: normal, platformName: windows, proxy: Proxy(), se:cdp: ws://localhost:52647/devtoo..., se:cdpVersion: 142.0.3595.94, setWindowRect: true, strictFileInteractability: false, timeouts: {implicit: 0, pageLoad: 300000, script: 30000}, unhandledPromptBehavior: dismiss and notify, webauthn:extension:credBlob: true, webauthn:extension:largeBlob: true, webauthn:extension:minPinLength: true, webauthn:extension:prf: true, webauthn:virtualAuthenticators: true}&#10;Session ID: 952b607585b4c47fb81dbc231048bab1" type="org.openqa.selenium.TimeoutException">org.openqa.selenium.TimeoutException: 
Expected condition failed: waiting for element to be clickable: By.linkText: CREATE NEW ACCOUNT (tried for 20 second(s) with 500 milliseconds interval)
Build info: version: '4.38.0', revision: '6b412e825c*'
System info: os.name: 'Windows 10', os.arch: 'amd64', os.version: '10.0', java.version: '25'
Driver info: org.openqa.selenium.edge.EdgeDriver
Capabilities {acceptInsecureCerts: false, browserName: MicrosoftEdge, browserVersion: 142.0.3595.94, fedcm:accounts: true, goog:processID: 8640, ms:edgeOptions: {debuggerAddress: localhost:52647}, msedge: {msedgedriverVersion: 142.0.3595.94 (6565d6e52817..., userDataDir: C:\Windows\SystemTemp\scope...}, networkConnectionEnabled: false, pageLoadStrategy: normal, platformName: windows, proxy: Proxy(), se:cdp: ws://localhost:52647/devtoo..., se:cdpVersion: 142.0.3595.94, setWindowRect: true, strictFileInteractability: false, timeouts: {implicit: 0, pageLoad: 300000, script: 30000}, unhandledPromptBehavior: dismiss and notify, webauthn:extension:credBlob: true, webauthn:extension:largeBlob: true, webauthn:extension:minPinLength: true, webauthn:extension:prf: true, webauthn:virtualAuthenticators: true}
Session ID: 952b607585b4c47fb81dbc231048bab1
</failure>
    <system-out><![CDATA[
Scenario: Invalid user registration (password mismatch)                        # src/test/resources/Features/Registration.feature:22
 Starting Scenario: Invalid user registration (password mismatch)
  Test execution started
  Opening registration page
  Given User is on the Advantage Online Shopping registration page             # stepdefinition.RegistrationSteps.user_is_on_the_advantage_online_shopping_registration_page()
      org.openqa.selenium.TimeoutException: Expected condition failed: waiting for element to be clickable: By.linkText: CREATE NEW ACCOUNT (tried for 20 second(s) with 500 milliseconds interval)
Build info: version: '4.38.0', revision: '6b412e825c*'
System info: os.name: 'Windows 10', os.arch: 'amd64', os.version: '10.0', java.version: '25'
Driver info: org.openqa.selenium.edge.EdgeDriver
Capabilities {acceptInsecureCerts: false, browserName: MicrosoftEdge, browserVersion: 142.0.3595.94, fedcm:accounts: true, goog:processID: 8640, ms:edgeOptions: {debuggerAddress: localhost:52647}, msedge: {msedgedriverVersion: 142.0.3595.94 (6565d6e52817..., userDataDir: C:\Windows\SystemTemp\scope...}, networkConnectionEnabled: false, pageLoadStrategy: normal, platformName: windows, proxy: Proxy(), se:cdp: ws://localhost:52647/devtoo..., se:cdpVersion: 142.0.3595.94, setWindowRect: true, strictFileInteractability: false, timeouts: {implicit: 0, pageLoad: 300000, script: 30000}, unhandledPromptBehavior: dismiss and notify, webauthn:extension:credBlob: true, webauthn:extension:largeBlob: true, webauthn:extension:minPinLength: true, webauthn:extension:prf: true, webauthn:virtualAuthenticators: true}
Session ID: 952b607585b4c47fb81dbc231048bab1
	at org.openqa.selenium.support.ui.WebDriverWait.timeoutException(WebDriverWait.java:84)
	at org.openqa.selenium.support.ui.FluentWait.until(FluentWait.java:228)
	at pageObjects.RegistrationPage.navigateToRegistrationPage(RegistrationPage.java:33)
	at stepdefinition.RegistrationSteps.user_is_on_the_advantage_online_shopping_registration_page(RegistrationSteps.java:23)
	at ✽.User is on the Advantage Online Shopping registration page(file:///C:/Selenium%20Demo/Capstone_Project/src/test/resources/Features/Registration.feature:23)

  When User enters invalid registration details password mismatch              # stepdefinition.RegistrationSteps.user_enters_invalid_registration_details_password_mismatch()
  And User submits the registration form                                       # stepdefinition.RegistrationSteps.user_submits_the_registration_form()
  Then User should see an error message indicating that passwords do not match # null
SCENARIO FAILED: Invalid user registration (password mismatch)
 Screenshot captured: Invalid_user_registration_(password_mismatch)_20251128_090255.png
]]></system-out>
    <system-err><![CDATA[ Scenario Failed: Invalid user registration (password mismatch)
]]></system-err>
  </testcase>
  <testcase name="runScenario" classname="testrunner.TestRunner" time="180.253">
    <failure message="Cart should contain 3 items expected [3] but found [1]" type="java.lang.AssertionError">java.lang.AssertionError: Cart should contain 3 items expected [3] but found [1]
</failure>
    <system-out><![CDATA[
Scenario: Add three tablets to cart                                                # src/test/resources/Features/tablet.feature:6
 Starting Scenario: Add three tablets to cart
  Test execution started
  Opening Advantage Online Shopping homepage
  Navigated to homepage
  Given User is on the Advantage Online Shopping homepage                          # stepdefinition.TabletSteps.user_is_on_the_advantage_online_shopping_homepage()
  Clicking on Tablets category
 Tablets category clicked successfully
  When User clicks on the Tablets category                                         # stepdefinition.TabletSteps.user_clicks_on_the_tablets_category()
 Tablet products page displayed
  Then User should see the tablets product page                                    # stepdefinition.TabletSteps.user_should_see_the_tablets_product_page()
  Selecting product: HP ElitePad 1000 G2 Tablet
 Product selected: HP ElitePad 1000 G2 Tablet
  When User selects the tablet "HP ElitePad 1000 G2 Tablet"                        # stepdefinition.TabletSteps.user_selects_the_tablet(java.lang.String)
Product page loaded. Title: 
 Product details page displayed for: 
  Then User should be on the product details page for "HP ElitePad 1000 G2 Tablet" # stepdefinition.TabletSteps.user_should_be_on_the_product_details_page_for(java.lang.String)
  Clicking Add to Cart
Clicking Add to Cart button using JavaScript
 Product added to cart successfully
Product added to cart successfully
  And User adds the product to cart                                                # stepdefinition.TabletSteps.user_adds_the_product_to_cart()
Could not get cart count: Expected condition failed: waiting for presence of element located by: By.xpath: //span[@id='menuCart']//label[@id='toolTipCart'] (tried for 20 second(s) with 500 milliseconds interval)
Cart text: 
 Product added to cart. Current cart count: 1
  Then The product should be added to cart successfully                            # stepdefinition.TabletSteps.the_product_should_be_added_to_cart_successfully()
  Navigated back to tablets page
  And User navigates back to tablets page                                          # stepdefinition.TabletSteps.user_navigates_back_to_tablets_page()
  Selecting product: HP Pro Tablet 608 G1
 Product selected: HP Pro Tablet 608 G1
  When User selects the tablet "HP Pro Tablet 608 G1"                              # stepdefinition.TabletSteps.user_selects_the_tablet(java.lang.String)
Product page loaded. Title: 
 Product details page displayed for: 
  Then User should be on the product details page for "HP Pro Tablet 608 G1"       # stepdefinition.TabletSteps.user_should_be_on_the_product_details_page_for(java.lang.String)
  Clicking Add to Cart
Clicking Add to Cart button using JavaScript
 Product added to cart successfully
Product added to cart successfully
  And User adds the product to cart                                                # stepdefinition.TabletSteps.user_adds_the_product_to_cart()
Could not get cart count: Expected condition failed: waiting for presence of element located by: By.xpath: //span[@id='menuCart']//label[@id='toolTipCart'] (tried for 20 second(s) with 500 milliseconds interval)
Cart text: 
 Product added to cart. Current cart count: 1
  Then The product should be added to cart successfully                            # stepdefinition.TabletSteps.the_product_should_be_added_to_cart_successfully()
  Navigated back to tablets page
  And User navigates back to tablets page                                          # stepdefinition.TabletSteps.user_navigates_back_to_tablets_page()
  Selecting product: HP Elite x2 1011 G1 Tablet
 Product selected: HP Elite x2 1011 G1 Tablet
  When User selects the tablet "HP Elite x2 1011 G1 Tablet"                        # stepdefinition.TabletSteps.user_selects_the_tablet(java.lang.String)
Product page loaded. Title: 
 Product details page displayed for: 
  Then User should be on the product details page for "HP Elite x2 1011 G1 Tablet" # stepdefinition.TabletSteps.user_should_be_on_the_product_details_page_for(java.lang.String)
  Clicking Add to Cart
Clicking Add to Cart button using JavaScript
 Product added to cart successfully
Product added to cart successfully
  And User adds the product to cart                                                # stepdefinition.TabletSteps.user_adds_the_product_to_cart()
Could not get cart count: Expected condition failed: waiting for presence of element located by: By.xpath: //span[@id='menuCart']//label[@id='toolTipCart'] (tried for 20 second(s) with 500 milliseconds interval)
Cart text: 
 Product added to cart. Current cart count: 1
  Then The product should be added to cart successfully                            # stepdefinition.TabletSteps.the_product_should_be_added_to_cart_successfully()
Clicking on cart icon
Failed to open cart: javascript error: arguments[0].click is not a function
  (Session info: MicrosoftEdge=142.0.3595.94)
Build info: version: '4.38.0', revision: '6b412e825c*'
System info: os.name: 'Windows 10', os.arch: 'amd64', os.version: '10.0', java.version: '25'
Driver info: org.openqa.selenium.edge.EdgeDriver
Command: [952b607585b4c47fb81dbc231048bab1, executeScript {script=arguments[0].click();, args=[{element-6066-11e4-a52e-4f735466cecf=f.60E3863C6EAEFFFC4D106351C98FD46C.d.BE29EFA06DC06B354C04860FDCCA5BDC.e.114}]}]
Capabilities {acceptInsecureCerts: false, browserName: MicrosoftEdge, browserVersion: 142.0.3595.94, fedcm:accounts: true, goog:processID: 8640, ms:edgeOptions: {debuggerAddress: localhost:52647}, msedge: {msedgedriverVersion: 142.0.3595.94 (6565d6e52817..., userDataDir: C:\Windows\SystemTemp\scope...}, networkConnectionEnabled: false, pageLoadStrategy: normal, platformName: windows, proxy: Proxy(), se:cdp: ws://localhost:52647/devtoo..., se:cdpVersion: 142.0.3595.94, setWindowRect: true, strictFileInteractability: false, timeouts: {implicit: 0, pageLoad: 300000, script: 30000}, unhandledPromptBehavior: dismiss and notify, webauthn:extension:credBlob: true, webauthn:extension:largeBlob: true, webauthn:extension:minPinLength: true, webauthn:extension:prf: true, webauthn:virtualAuthenticators: true}
Session ID: 952b607585b4c47fb81dbc231048bab1
  When User opens the shopping cart                                                # stepdefinition.TabletSteps.user_opens_the_shopping_cart()
Could not get cart count: Expected condition failed: waiting for presence of element located by: By.xpath: //span[@id='menuCart']//label[@id='toolTipCart'] (tried for 20 second(s) with 500 milliseconds interval)
Cart text: 
  Expected cart items: 3, Actual: 1
  Then User should see all 3 tablets in the cart                                   # stepdefinition.TabletSteps.user_should_see_all_tablets_in_the_cart(java.lang.Integer)
      java.lang.AssertionError: Cart should contain 3 items expected [3] but found [1]
	at org.testng.Assert.fail(Assert.java:97)
	at org.testng.Assert.assertEqualsImpl(Assert.java:136)
	at org.testng.Assert.assertEquals(Assert.java:118)
	at org.testng.Assert.assertEquals(Assert.java:839)
	at stepdefinition.TabletSteps.user_should_see_all_tablets_in_the_cart(TabletSteps.java:98)
	at ✽.User should see all 3 tablets in the cart(file:///C:/Selenium%20Demo/Capstone_Project/src/test/resources/Features/tablet.feature:32)

SCENARIO FAILED: Add three tablets to cart
 Screenshot captured: Add_three_tablets_to_cart_20251128_090555.png
]]></system-out>
    <system-err><![CDATA[ Failed to open cart: javascript error: arguments[0].click is not a function
  (Session info: MicrosoftEdge=142.0.3595.94)
Build info: version: '4.38.0', revision: '6b412e825c*'
System info: os.name: 'Windows 10', os.arch: 'amd64', os.version: '10.0', java.version: '25'
Driver info: org.openqa.selenium.edge.EdgeDriver
Command: [952b607585b4c47fb81dbc231048bab1, executeScript {script=arguments[0].click();, args=[{element-6066-11e4-a52e-4f735466cecf=f.60E3863C6EAEFFFC4D106351C98FD46C.d.BE29EFA06DC06B354C04860FDCCA5BDC.e.114}]}]
Capabilities {acceptInsecureCerts: false, browserName: MicrosoftEdge, browserVersion: 142.0.3595.94, fedcm:accounts: true, goog:processID: 8640, ms:edgeOptions: {debuggerAddress: localhost:52647}, msedge: {msedgedriverVersion: 142.0.3595.94 (6565d6e52817..., userDataDir: C:\Windows\SystemTemp\scope...}, networkConnectionEnabled: false, pageLoadStrategy: normal, platformName: windows, proxy: Proxy(), se:cdp: ws://localhost:52647/devtoo..., se:cdpVersion: 142.0.3595.94, setWindowRect: true, strictFileInteractability: false, timeouts: {implicit: 0, pageLoad: 300000, script: 30000}, unhandledPromptBehavior: dismiss and notify, webauthn:extension:credBlob: true, webauthn:extension:largeBlob: true, webauthn:extension:minPinLength: true, webauthn:extension:prf: true, webauthn:virtualAuthenticators: true}
Session ID: 952b607585b4c47fb81dbc231048bab1
 Scenario Failed: Add three tablets to cart
]]></system-err>
  </testcase>
  <testcase name="runScenario" classname="testrunner.TestRunner" time="10.77"/>
  <testcase name="runScenario" classname="testrunner.TestRunner" time="15.448"/>
</testsuite>